0 info it worked if it ends with ok
1 verbose cli [ '/usr/local/bin/node',
1 verbose cli   '/usr/local/bin/npm',
1 verbose cli   'install',
1 verbose cli   '-g',
1 verbose cli   'node@8.0' ]
2 info using npm@3.10.10
3 info using node@v6.11.2
4 silly loadCurrentTree Starting
5 silly install loadCurrentTree
6 silly install readGlobalPackageData
7 silly fetchPackageMetaData node@8.0
8 silly fetchNamedPackageData node
9 silly mapToRegistry name node
10 silly mapToRegistry using default registry
11 silly mapToRegistry registry https://registry.npmjs.org/
12 silly mapToRegistry data Result {
12 silly mapToRegistry   raw: 'node',
12 silly mapToRegistry   scope: null,
12 silly mapToRegistry   escapedName: 'node',
12 silly mapToRegistry   name: 'node',
12 silly mapToRegistry   rawSpec: '',
12 silly mapToRegistry   spec: 'latest',
12 silly mapToRegistry   type: 'tag' }
13 silly mapToRegistry uri https://registry.npmjs.org/node
14 verbose get https://registry.npmjs.org/node not expired, no request
15 silly install normalizeTree
16 silly loadCurrentTree Finishing
17 silly loadIdealTree Starting
18 silly install loadIdealTree
19 silly cloneCurrentTree Starting
20 silly install cloneCurrentTreeToIdealTree
21 silly cloneCurrentTree Finishing
22 silly loadShrinkwrap Starting
23 silly install loadShrinkwrap
24 silly loadShrinkwrap Finishing
25 silly loadAllDepsIntoIdealTree Starting
26 silly install loadAllDepsIntoIdealTree
27 silly resolveWithNewModule node@8.0.0 checking installable status
28 silly cache add args [ 'node@8.0', null ]
29 verbose cache add spec node@8.0
30 silly cache add parsed spec Result {
30 silly cache add   raw: 'node@8.0',
30 silly cache add   scope: null,
30 silly cache add   escapedName: 'node',
30 silly cache add   name: 'node',
30 silly cache add   rawSpec: '8.0',
30 silly cache add   spec: '>=8.0.0 <8.1.0',
30 silly cache add   type: 'range' }
31 silly addNamed node@>=8.0.0 <8.1.0
32 verbose addNamed ">=8.0.0 <8.1.0" is a valid semver range for node
33 silly addNameRange { name: 'node', range: '>=8.0.0 <8.1.0', hasData: false }
34 silly mapToRegistry name node
35 silly mapToRegistry using default registry
36 silly mapToRegistry registry https://registry.npmjs.org/
37 silly mapToRegistry data Result {
37 silly mapToRegistry   raw: 'node',
37 silly mapToRegistry   scope: null,
37 silly mapToRegistry   escapedName: 'node',
37 silly mapToRegistry   name: 'node',
37 silly mapToRegistry   rawSpec: '',
37 silly mapToRegistry   spec: 'latest',
37 silly mapToRegistry   type: 'tag' }
38 silly mapToRegistry uri https://registry.npmjs.org/node
39 verbose addNameRange registry:https://registry.npmjs.org/node not in flight; fetching
40 verbose get https://registry.npmjs.org/node not expired, no request
41 silly addNameRange number 2 { name: 'node', range: '>=8.0.0 <8.1.0', hasData: true }
42 silly addNameRange versions [ 'node',
42 silly addNameRange   [ '0.0.0',
42 silly addNameRange     '0.1.14',
42 silly addNameRange     '0.1.15',
42 silly addNameRange     '0.1.16',
42 silly addNameRange     '0.1.17',
42 silly addNameRange     '0.1.18',
42 silly addNameRange     '0.1.19',
42 silly addNameRange     '0.1.20',
42 silly addNameRange     '0.1.21',
42 silly addNameRange     '0.1.22',
42 silly addNameRange     '0.1.23',
42 silly addNameRange     '0.1.24',
42 silly addNameRange     '0.1.25',
42 silly addNameRange     '0.1.26',
42 silly addNameRange     '0.1.27',
42 silly addNameRange     '0.1.28',
42 silly addNameRange     '0.1.29',
42 silly addNameRange     '0.1.30',
42 silly addNameRange     '0.1.31',
42 silly addNameRange     '0.1.32',
42 silly addNameRange     '0.1.33',
42 silly addNameRange     '0.1.90',
42 silly addNameRange     '0.1.91',
42 silly addNameRange     '0.1.92',
42 silly addNameRange     '0.1.93',
42 silly addNameRange     '0.1.94',
42 silly addNameRange     '0.1.95',
42 silly addNameRange     '0.1.96',
42 silly addNameRange     '0.1.97',
42 silly addNameRange     '0.1.98',
42 silly addNameRange     '0.1.99',
42 silly addNameRange     '0.1.100',
42 silly addNameRange     '0.1.101',
42 silly addNameRange     '0.1.102',
42 silly addNameRange     '0.1.103',
42 silly addNameRange     '0.1.104',
42 silly addNameRange     '0.2.0',
42 silly addNameRange     '0.2.1',
42 silly addNameRange     '0.2.2',
42 silly addNameRange     '0.2.3',
42 silly addNameRange     '0.2.4',
42 silly addNameRange     '0.2.5',
42 silly addNameRange     '0.2.6',
42 silly addNameRange     '0.3.0',
42 silly addNameRange     '0.3.1',
42 silly addNameRange     '0.3.2',
42 silly addNameRange     '0.3.3',
42 silly addNameRange     '0.3.4',
42 silly addNameRange     '0.3.5',
42 silly addNameRange     '0.3.6',
42 silly addNameRange     '0.3.7',
42 silly addNameRange     '0.3.8',
42 silly addNameRange     '0.4.0',
42 silly addNameRange     '0.4.1',
42 silly addNameRange     '0.4.2',
42 silly addNameRange     '0.4.3',
42 silly addNameRange     '0.4.4',
42 silly addNameRange     '0.4.5',
42 silly addNameRange     '0.4.6',
42 silly addNameRange     '0.4.7',
42 silly addNameRange     '0.4.8',
42 silly addNameRange     '0.4.9',
42 silly addNameRange     '0.4.10',
42 silly addNameRange     '0.4.11',
42 silly addNameRange     '0.4.12',
42 silly addNameRange     '0.5.0',
42 silly addNameRange     '0.5.1',
42 silly addNameRange     '0.5.2',
42 silly addNameRange     '0.5.3',
42 silly addNameRange     '0.5.4',
42 silly addNameRange     '0.5.5',
42 silly addNameRange     '0.5.6',
42 silly addNameRange     '0.5.7',
42 silly addNameRange     '0.5.8',
42 silly addNameRange     '0.5.9',
42 silly addNameRange     '0.5.10',
42 silly addNameRange     '0.6.0',
42 silly addNameRange     '0.6.1',
42 silly addNameRange     '0.6.2',
42 silly addNameRange     '0.6.3',
42 silly addNameRange     '0.6.4',
42 silly addNameRange     '0.6.5',
42 silly addNameRange     '0.6.6',
42 silly addNameRange     '0.6.7',
42 silly addNameRange     '0.6.8',
42 silly addNameRange     '0.6.9',
42 silly addNameRange     '0.6.10',
42 silly addNameRange     '0.6.11',
42 silly addNameRange     '0.6.12',
42 silly addNameRange     '0.6.13',
42 silly addNameRange     '0.6.14',
42 silly addNameRange     '0.6.15',
42 silly addNameRange     '0.6.16',
42 silly addNameRange     '0.6.17',
42 silly addNameRange     '0.6.18',
42 silly addNameRange     '0.6.19',
42 silly addNameRange     '0.6.20',
42 silly addNameRange     '0.6.21',
42 silly addNameRange     '0.7.0',
42 silly addNameRange     '0.7.1',
42 silly addNameRange     ... 295 more items ] ]
43 silly addNamed node@8.0.0
44 verbose addNamed "8.0.0" is a plain semver version for node
45 silly mapToRegistry name node
46 silly mapToRegistry using default registry
47 silly mapToRegistry registry https://registry.npmjs.org/
48 silly mapToRegistry data Result {
48 silly mapToRegistry   raw: 'node',
48 silly mapToRegistry   scope: null,
48 silly mapToRegistry   escapedName: 'node',
48 silly mapToRegistry   name: 'node',
48 silly mapToRegistry   rawSpec: '',
48 silly mapToRegistry   spec: 'latest',
48 silly mapToRegistry   type: 'tag' }
49 silly mapToRegistry uri https://registry.npmjs.org/node
50 verbose addRemoteTarball https://registry.npmjs.org/node/-/node-8.0.0.tgz not in flight; adding
51 verbose addRemoteTarball [ 'https://registry.npmjs.org/node/-/node-8.0.0.tgz',
51 verbose addRemoteTarball   '736fd30bede545615c4169981ce8aab671217978' ]
52 info retry fetch attempt 1 at 11:57:50 AM
53 info attempt registry request try #1 at 11:57:50 AM
54 http fetch GET https://registry.npmjs.org/node/-/node-8.0.0.tgz
55 verbose request id bb3cdc9803c28228
56 http fetch 200 https://registry.npmjs.org/node/-/node-8.0.0.tgz
57 silly fetchAndShaCheck shasum 736fd30bede545615c4169981ce8aab671217978
58 verbose addTmpTarball /tmp/npm-17914-87351c88/registry.npmjs.org/node/-/node-8.0.0.tgz not in flight; adding
59 verbose addTmpTarball already have metadata; skipping unpack for node@8.0.0
60 verbose correctMkdir /home/yuri/.npm correctMkdir not in flight; initializing
61 silly cache afterAdd node@8.0.0
62 verbose afterAdd /home/yuri/.npm/node/8.0.0/package/package.json not in flight; writing
63 verbose correctMkdir /home/yuri/.npm correctMkdir not in flight; initializing
64 verbose afterAdd /home/yuri/.npm/node/8.0.0/package/package.json written
65 silly fetchNamedPackageData node-bin-setup
66 silly mapToRegistry name node-bin-setup
67 silly mapToRegistry using default registry
68 silly mapToRegistry registry https://registry.npmjs.org/
69 silly mapToRegistry data Result {
69 silly mapToRegistry   raw: 'node-bin-setup',
69 silly mapToRegistry   scope: null,
69 silly mapToRegistry   escapedName: 'node-bin-setup',
69 silly mapToRegistry   name: 'node-bin-setup',
69 silly mapToRegistry   rawSpec: '',
69 silly mapToRegistry   spec: 'latest',
69 silly mapToRegistry   type: 'tag' }
70 silly mapToRegistry uri https://registry.npmjs.org/node-bin-setup
71 verbose request uri https://registry.npmjs.org/node-bin-setup
72 verbose request no auth needed
73 info attempt registry request try #1 at 11:58:11 AM
74 http request GET https://registry.npmjs.org/node-bin-setup
75 http 200 https://registry.npmjs.org/node-bin-setup
76 verbose headers { date: 'Sat, 07 Jul 2018 15:58:11 GMT',
76 verbose headers   'content-type': 'application/json; charset=UTF-8',
76 verbose headers   'transfer-encoding': 'chunked',
76 verbose headers   connection: 'keep-alive',
76 verbose headers   'set-cookie': [ '__cfduid=da9e82b4b5ec82bff9b726bf45497c8571530979091; expires=Sun, 07-Jul-19 15:58:11 GMT; path=/; domain=.registry.npmjs.org; HttpOnly' ],
76 verbose headers   'cache-control': 'max-age=300',
76 verbose headers   'cf-cache-status': 'REVALIDATED',
76 verbose headers   'cf-ray': '436b82da0b28921e-EWR',
76 verbose headers   etag: 'W/"696d6ec470fda56a33885508a280edab"',
76 verbose headers   'expect-ct': 'max-age=604800, report-uri="https://report-uri.cloudflare.com/cdn-cgi/beacon/expect-ct"',
76 verbose headers   'last-modified': 'Sun, 27 May 2018 09:55:03 GMT',
76 verbose headers   vary: 'accept-encoding, accept',
76 verbose headers   server: 'cloudflare',
76 verbose headers   'content-encoding': 'gzip' }
77 silly get cb [ 200,
77 silly get   { date: 'Sat, 07 Jul 2018 15:58:11 GMT',
77 silly get     'content-type': 'application/json; charset=UTF-8',
77 silly get     'transfer-encoding': 'chunked',
77 silly get     connection: 'keep-alive',
77 silly get     'set-cookie': [ '__cfduid=da9e82b4b5ec82bff9b726bf45497c8571530979091; expires=Sun, 07-Jul-19 15:58:11 GMT; path=/; domain=.registry.npmjs.org; HttpOnly' ],
77 silly get     'cache-control': 'max-age=300',
77 silly get     'cf-cache-status': 'REVALIDATED',
77 silly get     'cf-ray': '436b82da0b28921e-EWR',
77 silly get     etag: 'W/"696d6ec470fda56a33885508a280edab"',
77 silly get     'expect-ct': 'max-age=604800, report-uri="https://report-uri.cloudflare.com/cdn-cgi/beacon/expect-ct"',
77 silly get     'last-modified': 'Sun, 27 May 2018 09:55:03 GMT',
77 silly get     vary: 'accept-encoding, accept',
77 silly get     server: 'cloudflare',
77 silly get     'content-encoding': 'gzip' } ]
78 verbose get saving node-bin-setup to /home/yuri/.npm/registry.npmjs.org/node-bin-setup/.cache.json
79 verbose correctMkdir /home/yuri/.npm correctMkdir not in flight; initializing
80 silly resolveWithNewModule node-bin-setup@1.0.6 checking installable status
81 silly cache add args [ 'node-bin-setup@^1.0.0', null ]
82 verbose cache add spec node-bin-setup@^1.0.0
83 silly cache add parsed spec Result {
83 silly cache add   raw: 'node-bin-setup@^1.0.0',
83 silly cache add   scope: null,
83 silly cache add   escapedName: 'node-bin-setup',
83 silly cache add   name: 'node-bin-setup',
83 silly cache add   rawSpec: '^1.0.0',
83 silly cache add   spec: '>=1.0.0 <2.0.0',
83 silly cache add   type: 'range' }
84 silly addNamed node-bin-setup@>=1.0.0 <2.0.0
85 verbose addNamed ">=1.0.0 <2.0.0" is a valid semver range for node-bin-setup
86 silly addNameRange { name: 'node-bin-setup',
86 silly addNameRange   range: '>=1.0.0 <2.0.0',
86 silly addNameRange   hasData: false }
87 silly mapToRegistry name node-bin-setup
88 silly mapToRegistry using default registry
89 silly mapToRegistry registry https://registry.npmjs.org/
90 silly mapToRegistry data Result {
90 silly mapToRegistry   raw: 'node-bin-setup',
90 silly mapToRegistry   scope: null,
90 silly mapToRegistry   escapedName: 'node-bin-setup',
90 silly mapToRegistry   name: 'node-bin-setup',
90 silly mapToRegistry   rawSpec: '',
90 silly mapToRegistry   spec: 'latest',
90 silly mapToRegistry   type: 'tag' }
91 silly mapToRegistry uri https://registry.npmjs.org/node-bin-setup
92 verbose addNameRange registry:https://registry.npmjs.org/node-bin-setup not in flight; fetching
93 verbose get https://registry.npmjs.org/node-bin-setup not expired, no request
94 silly addNameRange number 2 { name: 'node-bin-setup',
94 silly addNameRange   range: '>=1.0.0 <2.0.0',
94 silly addNameRange   hasData: true }
95 silly addNameRange versions [ 'node-bin-setup',
95 silly addNameRange   [ '1.0.0', '1.0.1', '1.0.2', '1.0.3', '1.0.4', '1.0.6' ] ]
96 silly addNamed node-bin-setup@1.0.6
97 verbose addNamed "1.0.6" is a plain semver version for node-bin-setup
98 silly mapToRegistry name node-bin-setup
99 silly mapToRegistry using default registry
100 silly mapToRegistry registry https://registry.npmjs.org/
101 silly mapToRegistry data Result {
101 silly mapToRegistry   raw: 'node-bin-setup',
101 silly mapToRegistry   scope: null,
101 silly mapToRegistry   escapedName: 'node-bin-setup',
101 silly mapToRegistry   name: 'node-bin-setup',
101 silly mapToRegistry   rawSpec: '',
101 silly mapToRegistry   spec: 'latest',
101 silly mapToRegistry   type: 'tag' }
102 silly mapToRegistry uri https://registry.npmjs.org/node-bin-setup
103 verbose addRemoteTarball https://registry.npmjs.org/node-bin-setup/-/node-bin-setup-1.0.6.tgz not in flight; adding
104 verbose addRemoteTarball [ 'https://registry.npmjs.org/node-bin-setup/-/node-bin-setup-1.0.6.tgz',
104 verbose addRemoteTarball   '4b5c9bb937ece702d7069b36ca78af4684677528' ]
105 info retry fetch attempt 1 at 11:58:11 AM
106 info attempt registry request try #1 at 11:58:11 AM
107 http fetch GET https://registry.npmjs.org/node-bin-setup/-/node-bin-setup-1.0.6.tgz
108 http fetch 200 https://registry.npmjs.org/node-bin-setup/-/node-bin-setup-1.0.6.tgz
109 silly fetchAndShaCheck shasum 4b5c9bb937ece702d7069b36ca78af4684677528
110 verbose addTmpTarball /tmp/npm-17914-87351c88/registry.npmjs.org/node-bin-setup/-/node-bin-setup-1.0.6.tgz not in flight; adding
111 verbose addTmpTarball already have metadata; skipping unpack for node-bin-setup@1.0.6
112 verbose correctMkdir /home/yuri/.npm correctMkdir not in flight; initializing
113 silly cache afterAdd node-bin-setup@1.0.6
114 verbose afterAdd /home/yuri/.npm/node-bin-setup/1.0.6/package/package.json not in flight; writing
115 verbose correctMkdir /home/yuri/.npm correctMkdir not in flight; initializing
116 verbose afterAdd /home/yuri/.npm/node-bin-setup/1.0.6/package/package.json written
117 silly loadAllDepsIntoIdealTree Finishing
118 silly loadIdealTree Finishing
119 silly currentTree lib
120 silly idealTree lib
120 silly idealTree └─┬ node@8.0.0
120 silly idealTree   └── node-bin-setup@1.0.6
121 silly generateActionsToTake Starting
122 silly install generateActionsToTake
123 silly generateActionsToTake Finishing
124 silly diffTrees action count 2
125 silly diffTrees add node-bin-setup@1.0.6
126 silly diffTrees add node@8.0.0
127 silly decomposeActions action count 16
128 silly decomposeActions fetch node-bin-setup@1.0.6
129 silly decomposeActions extract node-bin-setup@1.0.6
130 silly decomposeActions test node-bin-setup@1.0.6
131 silly decomposeActions preinstall node-bin-setup@1.0.6
132 silly decomposeActions build node-bin-setup@1.0.6
133 silly decomposeActions install node-bin-setup@1.0.6
134 silly decomposeActions postinstall node-bin-setup@1.0.6
135 silly decomposeActions finalize node-bin-setup@1.0.6
136 silly decomposeActions fetch node@8.0.0
137 silly decomposeActions extract node@8.0.0
138 silly decomposeActions test node@8.0.0
139 silly decomposeActions preinstall node@8.0.0
140 silly decomposeActions build node@8.0.0
141 silly decomposeActions install node@8.0.0
142 silly decomposeActions postinstall node@8.0.0
143 silly decomposeActions finalize node@8.0.0
144 silly runTopLevelLifecycles Starting
145 silly executeActions Starting
146 silly install executeActions
147 silly doSerial global-install 0
148 silly doParallel fetch 2
149 verbose correctMkdir /home/yuri/.npm/_locks correctMkdir not in flight; initializing
150 verbose lock using /home/yuri/.npm/_locks/staging-3a08f0df5026584d.lock for /usr/local/lib/node_modules/.staging
151 silly doParallel extract 2
152 silly extract node-bin-setup@1.0.6
153 silly extract node@8.0.0
154 verbose unbuild lib/node_modules/.staging/node-bin-setup-e96ff650
155 verbose unbuild lib/node_modules/.staging/node-120c5c5f
156 silly gentlyRm /usr/local/lib/node_modules/.staging/node-bin-setup-e96ff650 is being purged from base /usr/local
157 verbose gentlyRm don't care about contents; nuking /usr/local/lib/node_modules/.staging/node-bin-setup-e96ff650
158 verbose tar unpack /home/yuri/.npm/node-bin-setup/1.0.6/package.tgz
159 verbose tar unpacking to /usr/local/lib/node_modules/.staging/node-bin-setup-e96ff650
160 silly gentlyRm /usr/local/lib/node_modules/.staging/node-bin-setup-e96ff650 is being purged
161 verbose gentlyRm don't care about contents; nuking /usr/local/lib/node_modules/.staging/node-bin-setup-e96ff650
162 silly gunzTarPerm modes [ '755', '644' ]
163 silly gentlyRm /usr/local/lib/node_modules/.staging/node-120c5c5f is being purged from base /usr/local
164 verbose gentlyRm don't care about contents; nuking /usr/local/lib/node_modules/.staging/node-120c5c5f
165 verbose tar unpack /home/yuri/.npm/node/8.0.0/package.tgz
166 verbose tar unpacking to /usr/local/lib/node_modules/.staging/node-120c5c5f
167 silly gentlyRm /usr/local/lib/node_modules/.staging/node-120c5c5f is being purged
168 verbose gentlyRm don't care about contents; nuking /usr/local/lib/node_modules/.staging/node-120c5c5f
169 silly gunzTarPerm modes [ '755', '644' ]
170 silly gunzTarPerm extractEntry package.json
171 silly gunzTarPerm extractEntry package.json
172 silly gunzTarPerm extractEntry index.js
173 silly gunzTarPerm extractEntry README.md
174 silly gunzTarPerm extractEntry installArchSpecificPackage.js
175 silly gentlyRm /usr/local/lib/node_modules/.staging/node-bin-setup-e96ff650/node_modules is being purged
176 verbose gentlyRm don't care about contents; nuking /usr/local/lib/node_modules/.staging/node-bin-setup-e96ff650/node_modules
177 silly gentlyRm /usr/local/lib/node_modules/.staging/node-120c5c5f/node_modules is being purged
178 verbose gentlyRm don't care about contents; nuking /usr/local/lib/node_modules/.staging/node-120c5c5f/node_modules
179 silly doParallel preinstall 2
180 silly preinstall node-bin-setup@1.0.6 /usr/local/lib/node_modules/.staging/node-bin-setup-e96ff650
181 info lifecycle node-bin-setup@1.0.6~preinstall: node-bin-setup@1.0.6
182 silly preinstall node@8.0.0 /usr/local/lib/node_modules/.staging/node-120c5c5f
183 info lifecycle node@8.0.0~preinstall: node@8.0.0
184 silly lifecycle node-bin-setup@1.0.6~preinstall: no script for preinstall, continuing
185 warn lifecycle node@8.0.0~preinstall: cannot run in wd %s %s (wd=%s) node@8.0.0 node installArchSpecificPackage /usr/local/lib/node_modules/.staging/node-120c5c5f
186 silly doReverseSerial remove 0
187 silly doSerial move 0
188 silly doSerial finalize 2
189 silly finalize /usr/local/lib/node_modules/node/node_modules/node-bin-setup
190 silly finalize /usr/local/lib/node_modules/node
191 silly doSerial build 2
192 silly build node-bin-setup@1.0.6
193 info linkStuff node-bin-setup@1.0.6
194 silly linkStuff node-bin-setup@1.0.6 has /usr/local/lib/node_modules/node/node_modules as its parent node_modules
195 silly linkStuff node-bin-setup@1.0.6 is part of a global install
196 silly linkStuff node-bin-setup@1.0.6 is installed into a global node_modules
197 verbose linkBins node-bin-setup@1.0.6
198 verbose linkMans node-bin-setup@1.0.6
199 silly build node@8.0.0
200 info linkStuff node@8.0.0
201 silly linkStuff node@8.0.0 has /usr/local/lib/node_modules as its parent node_modules
202 silly linkStuff node@8.0.0 is part of a global install
203 silly linkStuff node@8.0.0 is installed into a global node_modules
204 silly linkStuff node@8.0.0 is installed into the top-level global node_modules
205 verbose linkBins node@8.0.0
206 verbose link bins [ { node: 'bin/node' }, '/usr/local/bin', true ]
207 verbose linkMans node@8.0.0
208 verbose unlock done using /home/yuri/.npm/_locks/staging-3a08f0df5026584d.lock for /usr/local/lib/node_modules/.staging
209 silly rollbackFailedOptional Starting
210 silly rollbackFailedOptional Finishing
211 silly runTopLevelLifecycles Finishing
212 silly install printInstalled
213 verbose stack Error: ENOENT: no such file or directory, chmod '/usr/local/lib/node_modules/node/bin/node'
213 verbose stack     at Error (native)
214 verbose cwd /home/yuri/Desktop/BookScanner
215 error Linux 4.15.0-24-generic
216 error argv "/usr/local/bin/node" "/usr/local/bin/npm" "install" "-g" "node@8.0"
217 error node v6.11.2
218 error npm  v3.10.10
219 error path /usr/local/lib/node_modules/node/bin/node
220 error code ENOENT
221 error errno -2
222 error syscall chmod
223 error enoent ENOENT: no such file or directory, chmod '/usr/local/lib/node_modules/node/bin/node'
224 error enoent ENOENT: no such file or directory, chmod '/usr/local/lib/node_modules/node/bin/node'
224 error enoent This is most likely not a problem with npm itself
224 error enoent and is related to npm not being able to find a file.
225 verbose exit [ -2, true ]
